<?xml version="1.0" encoding="UTF-8"?>
<!-- Generated by org.testng.reporters.JUnitReportReporter -->
<testsuite hostname="DESKTOP-43UQ09U" failures="0" tests="2" name="com.Assignments.Test2" time="33.975" errors="0" timestamp="29 Jul 2025 02:31:11 GMT" skipped="0">
  <testcase classname="com.Assignments.Test2" name="Method2" time="16.669"/>
  <testcase classname="com.Assignments.Test2" name="Method1" time="17.306"/>
</testsuite> <!-- com.Assignments.Test2 -->
