<?xml version="1.0" encoding="UTF-8"?>
<!-- Generated by org.testng.reporters.JUnitReportReporter -->
<testsuite hostname="DESKTOP-43UQ09U" failures="0" tests="1" name="com.Assignments.Flipkart" time="31.776" errors="0" timestamp="2025-08-08T19:41:36 IST" skipped="0">
  <testcase classname="com.Assignments.Flipkart" name="FlipkartTest" time="31.776"/>
</testsuite> <!-- com.Assignments.Flipkart -->
