<?xml version="1.0" encoding="UTF-8"?>
<!-- Generated by org.testng.reporters.JUnitReportReporter -->
<testsuite hostname="DESKTOP-43UQ09U" failures="0" tests="1" name="com.comcast.crm.orgTest_WithAnnotationsAndBaseClass.CreateOrganizationTest_TC1" time="33.797" errors="0" timestamp="25 Jul 2025 10:38:59 GMT" skipped="0">
  <testcase classname="com.comcast.crm.orgTest_WithAnnotationsAndBaseClass.CreateOrganizationTest_TC1" name="CreateOrganization" time="33.797"/>
</testsuite> <!-- com.comcast.crm.orgTest_WithAnnotationsAndBaseClass.CreateOrganizationTest_TC1 -->
