<?xml version="1.0" encoding="UTF-8"?>
<!-- Generated by org.testng.reporters.JUnitReportReporter -->
<testsuite hostname="DESKTOP-43UQ09U" failures="0" tests="2" name="com.DataProvider.FlipkartApplication" time="70.402" errors="0" timestamp="23 Jul 2025 11:12:37 GMT" skipped="0">
  <testcase classname="com.DataProvider.FlipkartApplication" name="searchMultipleProducts" time="32.758"/>
  <testcase classname="com.DataProvider.FlipkartApplication" name="searchMultipleProducts" time="37.644"/>
</testsuite> <!-- com.DataProvider.FlipkartApplication -->
