<?xml version="1.0" encoding="UTF-8"?>
<!-- Generated by org.testng.reporters.JUnitReportReporter -->
<testsuite hostname="DESKTOP-43UQ09U" failures="0" tests="1" name="com.comcast.crm.contactTest_WithAnnotationsAndBaseClass.CreateContactTest_TC4" time="25.502" errors="0" timestamp="26 Jul 2025 09:24:34 GMT" skipped="0">
  <testcase classname="com.comcast.crm.contactTest_WithAnnotationsAndBaseClass.CreateContactTest_TC4" name="creatContactTest" time="25.502"/>
</testsuite> <!-- com.comcast.crm.contactTest_WithAnnotationsAndBaseClass.CreateContactTest_TC4 -->
