<?xml version="1.0" encoding="UTF-8"?>
<!-- Generated by org.testng.reporters.JUnitReportReporter -->
<testsuite hostname="DESKTOP-43UQ09U" failures="0" tests="1" name="com.Assignments.CarDekho" time="9.278" errors="0" timestamp="2025-08-09T13:06:22 IST" skipped="0">
  <testcase classname="com.Assignments.CarDekho" name="CarDekhoCarPrintTest" time="9.278"/>
</testsuite> <!-- com.Assignments.CarDekho -->
