<?xml version="1.0" encoding="UTF-8"?>
<!-- Generated by org.testng.reporters.JUnitReportReporter -->
<testsuite hostname="DESKTOP-43UQ09U" failures="0" tests="2" name="com.DataProvider.VTigerLogin_DataProviderFromDifferentClass_Test" time="54.768" errors="0" timestamp="23 Jul 2025 18:19:11 GMT" skipped="0">
  <testcase classname="com.DataProvider.VTigerLogin_DataProviderFromDifferentClass_Test" name="Login" time="16.591"/>
  <testcase classname="com.DataProvider.VTigerLogin_DataProviderFromDifferentClass_Test" name="Login" time="38.177"/>
</testsuite> <!-- com.DataProvider.VTigerLogin_DataProviderFromDifferentClass_Test -->
