<?xml version="1.0" encoding="UTF-8"?>
<!-- Generated by org.testng.reporters.JUnitReportReporter -->
<testsuite hostname="DESKTOP-43UQ09U" failures="0" tests="1" name="com.comcast.crm.orgTest_WithAnnotationsAndBaseClass.CreateOrganizationWithPhoneNumber" time="21.507" errors="0" timestamp="27 Jul 2025 18:00:42 GMT" skipped="0">
  <testcase classname="com.comcast.crm.orgTest_WithAnnotationsAndBaseClass.CreateOrganizationWithPhoneNumber" name="CreateOrganizationWithPhoneNumber_TC5" time="21.507"/>
</testsuite> <!-- com.comcast.crm.orgTest_WithAnnotationsAndBaseClass.CreateOrganizationWithPhoneNumber -->
